Execute command: [
  `which`
  `cmake`
]
[/home/vagrant/Labs/lab-07]> "which" "cmake"
/usr/local/bin/cmake
Execute command: [
  `cmake`
  `--version`
]
[/home/vagrant/Labs/lab-07]> "cmake" "--version"
cmake version 3.9.1

CMake suite maintained and supported by Kitware (kitware.com/cmake).
Execute command: [
  `cmake`
  `-H.`
  `-B/home/vagrant/Labs/lab-07/_builds/gcc-7-cxx17-pic-Debug`
  `-DCMAKE_BUILD_TYPE=Debug`
  `-GUnix Makefiles`
  `-DCMAKE_TOOLCHAIN_FILE=/home/vagrant/Labs/lab-07/tools/polly/gcc-7-cxx17-pic.cmake`
  `-DCMAKE_EXE_LINKER=-fuse-ld=gold`
  `-DHUNTER_CONFIGURATION_TYPES=Debug`
]
[/home/vagrant/Labs/lab-07]> "cmake" "-H." "-B/home/vagrant/Labs/lab-07/_builds/gcc-7-cxx17-pic-Debug" "-DCMAKE_BUILD_TYPE=Debug" "-GUnix Makefiles" "-DCMAKE_TOOLCHAIN_FILE=/home/vagrant/Labs/lab-07/tools/polly/gcc-7-cxx17-pic.cmake" "-DCMAKE_EXE_LINKER=-fuse-ld=gold" "-DHUNTER_CONFIGURATION_TYPES=Debug"
-- [polly] Used toolchain: gcc 7 / c++17 support / PIC
-- [hunter] Calculating Toolchain-SHA1
-- [hunter] Calculating Config-SHA1
-- [hunter] HUNTER_ROOT: /root/.hunter
-- [hunter] [ Hunter-ID: 70287b1 | Toolchain-ID: fc9dcb2 | Config-ID: dffbc08 ]
-- [hunter] GTEST_ROOT: /root/.hunter/_Base/70287b1/fc9dcb2/dffbc08/Install (ver.: 1.8.0-hunter-p11)
-- [hunter] BOOST_ROOT: /root/.hunter/_Base/70287b1/fc9dcb2/dffbc08/Install (ver.: 1.68.0-p1)
-- [hunter] BOOST_ROOT: /root/.hunter/_Base/70287b1/fc9dcb2/dffbc08/Install (ver.: 1.68.0-p1)
-- [hunter] BOOST_ROOT: /root/.hunter/_Base/70287b1/fc9dcb2/dffbc08/Install (ver.: 1.68.0-p1)
-- [hunter] BOOST_ROOT: /root/.hunter/_Base/70287b1/fc9dcb2/dffbc08/Install (ver.: 1.68.0-p1)
-- [hunter] BOOST_ROOT: /root/.hunter/_Base/70287b1/fc9dcb2/dffbc08/Install (ver.: 1.68.0-p1)
-- [hunter] Building Boost (component: date_time)
loading initial cache file /root/.hunter/_Base/70287b1/fc9dcb2/dffbc08/cache.cmake
loading initial cache file /root/.hunter/_Base/70287b1/fc9dcb2/dffbc08/Build/Boost/__date_time/args.cmake
-- [polly] Used toolchain: gcc 7 / c++17 support / PIC
-- The C compiler identification is GNU 7.3.0
-- The CXX compiler identification is GNU 7.3.0
-- Check for working C compiler: /usr/bin/gcc-7
-- Check for working C compiler: /usr/bin/gcc-7 -- works
-- Detecting C compile features
-- Detecting C compile features - done
-- Check for working CXX compiler: /usr/bin/g++-7
-- Check for working CXX compiler: /usr/bin/g++-7 -- works
-- Detecting CXX compile features
-- Detecting CXX compile features - done
CMake Warning (dev) at /usr/local/share/cmake-3.9/Modules/ExternalProject.cmake:1954 (if):
  Policy CMP0054 is not set: Only interpret if() arguments as variables or
  keywords when unquoted.  Run "cmake --help-policy CMP0054" for policy
  details.  Use the cmake_policy command to set the policy and suppress this
  warning.

  Quoted variables like "x" will no longer be dereferenced when the policy is
  set to NEW.  Since the policy is not set the OLD behavior will be used.
Call Stack (most recent call first):
  /usr/local/share/cmake-3.9/Modules/ExternalProject.cmake:2565 (_ep_add_download_command)
  CMakeLists.txt:380 (ExternalProject_Add)
This warning is for project developers.  Use -Wno-dev to suppress it.

CMake Warning (dev) at /usr/local/share/cmake-3.9/Modules/ExternalProject.cmake:2074 (if):
  Policy CMP0054 is not set: Only interpret if() arguments as variables or
  keywords when unquoted.  Run "cmake --help-policy CMP0054" for policy
  details.  Use the cmake_policy command to set the policy and suppress this
  warning.

  Quoted variables like "x" will no longer be dereferenced when the policy is
  set to NEW.  Since the policy is not set the OLD behavior will be used.
Call Stack (most recent call first):
  /usr/local/share/cmake-3.9/Modules/ExternalProject.cmake:2566 (_ep_add_update_command)
  CMakeLists.txt:380 (ExternalProject_Add)
This warning is for project developers.  Use -Wno-dev to suppress it.

-- Configuring done
-- Generating done
-- Build files have been written to: /root/.hunter/_Base/70287b1/fc9dcb2/dffbc08/Build/Boost/__date_time/Build
Scanning dependencies of target Boost-date_time
[ 12%] Creating directories for 'Boost-date_time'
[ 25%] Performing download step (download, verify and extract) for 'Boost-date_time'
-- verifying file...
       file='/root/.hunter/_Base/Download/Boost/1.68.0-p1/0bb10b0/v1.68.0-p1.tar.gz'
-- File already exists and hash match (skip download):
  file='/root/.hunter/_Base/Download/Boost/1.68.0-p1/0bb10b0/v1.68.0-p1.tar.gz'
  SHA1='0bb10b0a0fdc196646c87e0143c0290baa32357d'
-- extracting...
     src='/root/.hunter/_Base/Download/Boost/1.68.0-p1/0bb10b0/v1.68.0-p1.tar.gz'
     dst='/root/.hunter/_Base/70287b1/fc9dcb2/dffbc08/Build/Boost/__date_time/Source'
-- extracting... [tar xfz]
-- extracting... [analysis]
-- extracting... [rename]
-- extracting... [clean up]
-- extracting... done
[ 37%] No patch step for 'Boost-date_time'
[ 50%] Performing update step for 'Boost-date_time'
[ 62%] Performing configure step for 'Boost-date_time'
Dummy patch command
Building Boost.Build engine with toolset gcc... tools/build/src/engine/bin.linuxx86_64/b2
Unicode/ICU support for Boost.Regex?... not found.
Generating Boost.Build configuration in project-config.jam...

Bootstrapping is done. To build, run:

    ./b2

To adjust configuration, edit 'project-config.jam'.
Further information:

   - Command line help:
     ./b2 --help

   - Getting started guide:
     http://www.boost.org/more/getting_started/unix-variants.html

   - Boost.Build documentation:
     http://www.boost.org/build/doc/html/index.html

[ 75%] Performing build step for 'Boost-date_time'
Performing configuration checks

    - default address-model    : 64-bit
    - default architecture     : x86

Building the Boost C++ Libraries.


    - symlinks supported       : yes

Component configuration:

    - atomic                   : not building
    - chrono                   : not building
    - container                : not building
    - context                  : not building
    - contract                 : not building
    - coroutine                : not building
    - date_time                : building
    - exception                : not building
    - fiber                    : not building
    - filesystem               : not building
    - graph                    : not building
    - graph_parallel           : not building
    - iostreams                : not building
    - locale                   : not building
    - log                      : not building
    - math                     : not building
    - mpi                      : not building
    - program_options          : not building
    - python                   : not building
    - random                   : not building
    - regex                    : not building
    - serialization            : not building
    - signals                  : not building
    - stacktrace               : not building
    - system                   : not building
    - test                     : not building
    - thread                   : not building
    - timer                    : not building
    - type_erasure             : not building
    - wave                     : not building

...patience...
...found 989 targets...
...updating 28 targets...
link.mklink boost/chrono/stopwatches.hpp
mklink-or-dir boost/chrono/stopwatches
gcc.compile.c++ bin.v2/libs/date_time/build/gcc-7.3.0/debug/link-static/threading-multi/gregorian/greg_month.o
gcc.compile.c++ bin.v2/libs/date_time/build/gcc-7.3.0/release/link-static/threading-multi/gregorian/greg_month.o
gcc.compile.c++ bin.v2/libs/date_time/build/gcc-7.3.0/debug/link-static/threading-multi/gregorian/date_generators.o
gcc.compile.c++ bin.v2/libs/date_time/build/gcc-7.3.0/release/link-static/threading-multi/gregorian/greg_weekday.o
gcc.compile.c++ bin.v2/libs/date_time/build/gcc-7.3.0/debug/link-static/threading-multi/gregorian/greg_weekday.o
gcc.archive bin.v2/libs/date_time/build/gcc-7.3.0/debug/link-static/threading-multi/libboost_date_time-mt-d.a
common.copy stage/lib/libboost_date_time-mt-d.a
gcc.compile.c++ bin.v2/libs/date_time/build/gcc-7.3.0/release/link-static/threading-multi/gregorian/date_generators.o
gcc.archive bin.v2/libs/date_time/build/gcc-7.3.0/release/link-static/threading-multi/libboost_date_time-mt.a
common.copy stage/lib/libboost_date_time-mt.a
...updated 28 targets...


The Boost C++ Libraries were successfully built!

The following directory should be added to compiler include paths:

    /root/.hunter/_Base/70287b1/fc9dcb2/dffbc08/Build/Boost/__date_time/Source

The following directory should be added to linker library paths:

    /root/.hunter/_Base/70287b1/fc9dcb2/dffbc08/Build/Boost/__date_time/Source/stage/lib

[ 87%] Performing install step for 'Boost-date_time'
Performing configuration checks

    - default address-model    : 64-bit
    - default architecture     : x86
    - symlinks supported       : yes

Component configuration:

    - atomic                   : not building
    - chrono                   : not building
    - container                : not building
    - context                  : not building
    - contract                 : not building
    - coroutine                : not building
    - date_time                : building
    - exception                : not building
    - fiber                    : not building
    - filesystem               : not building
    - graph                    : not building
    - graph_parallel           : not building
    - iostreams                : not building
    - locale                   : not building
    - log                      : not building
    - math                     : not building
    - mpi                      : not building
    - program_options          : not building
    - python                   : not building
    - random                   : not building
    - regex                    : not building
    - serialization            : not building
    - signals                  : not building
    - stacktrace               : not building
    - system                   : not building
    - test                     : not building
    - thread                   : not building
    - timer                    : not building
    - type_erasure             : not building
    - wave                     : not building

[100%] Completed 'Boost-date_time'
[100%] Built target Boost-date_time
-- [hunter] Build step successful (dir: /root/.hunter/_Base/70287b1/fc9dcb2/dffbc08/Build/Boost/__date_time)
-- [hunter] Cache saved: /root/.hunter/_Base/Cache/raw/577e1d3a7ae01c4839aad47e484e6eba385f343c.tar.bz2
-- Boost version: 1.68.0
-- Found the following Boost libraries:
--   log
--   thread
--   system
--   date_time
-- Configuring done
-- Generating done
-- Build files have been written to: /home/vagrant/Labs/lab-07/_builds/gcc-7-cxx17-pic-Debug
Execute command: [
  `cmake`
  `--build`
  `/home/vagrant/Labs/lab-07/_builds/gcc-7-cxx17-pic-Debug`
  `--config`
  `Debug`
  `--`
]
[/home/vagrant/Labs/lab-07]> "cmake" "--build" "/home/vagrant/Labs/lab-07/_builds/gcc-7-cxx17-pic-Debug" "--config" "Debug" "--"
Scanning dependencies of target server
[ 25%] Building CXX object CMakeFiles/server.dir/sources/server.cpp.o
In file included from /home/vagrant/Labs/lab-07/sources/server.cpp:3:0:
/home/vagrant/Labs/lab-07/include/server.hpp: In constructor ‘talk_to_client::talk_to_client()’:
/home/vagrant/Labs/lab-07/include/server.hpp:25:20: error: no matching function for call to ‘boost::asio::basic_stream_socket<boost::asio::ip::tcp>::basic_stream_socket()’
   talk_to_client() {}
                    ^
In file included from /root/.hunter/_Base/70287b1/fc9dcb2/dffbc08/Install/include/boost/asio/basic_socket_streambuf.hpp:25:0,
                 from /root/.hunter/_Base/70287b1/fc9dcb2/dffbc08/Install/include/boost/asio/basic_socket_iostream.hpp:24,
                 from /root/.hunter/_Base/70287b1/fc9dcb2/dffbc08/Install/include/boost/asio.hpp:31,
                 from /home/vagrant/Labs/lab-07/include/server.hpp:15,
                 from /home/vagrant/Labs/lab-07/sources/server.cpp:3:
/root/.hunter/_Base/70287b1/fc9dcb2/dffbc08/Install/include/boost/asio/basic_stream_socket.hpp:185:3: note: candidate: template<class Protocol1> boost::asio::basic_stream_socket<Protocol>::basic_stream_socket(boost::asio::basic_stream_socket<Protocol1>&&, typename std::enable_if<std::is_convertible<Protocol1, Protocol>::value>::type*)
   basic_stream_socket(
   ^~~~~~~~~~~~~~~~~~~
/root/.hunter/_Base/70287b1/fc9dcb2/dffbc08/Install/include/boost/asio/basic_stream_socket.hpp:185:3: note:   template argument deduction/substitution failed:
In file included from /home/vagrant/Labs/lab-07/sources/server.cpp:3:0:
/home/vagrant/Labs/lab-07/include/server.hpp:25:20: note:   candidate expects 2 arguments, 0 provided
   talk_to_client() {}
                    ^
In file included from /root/.hunter/_Base/70287b1/fc9dcb2/dffbc08/Install/include/boost/asio/basic_socket_streambuf.hpp:25:0,
                 from /root/.hunter/_Base/70287b1/fc9dcb2/dffbc08/Install/include/boost/asio/basic_socket_iostream.hpp:24,
                 from /root/.hunter/_Base/70287b1/fc9dcb2/dffbc08/Install/include/boost/asio.hpp:31,
                 from /home/vagrant/Labs/lab-07/include/server.hpp:15,
                 from /home/vagrant/Labs/lab-07/sources/server.cpp:3:
/root/.hunter/_Base/70287b1/fc9dcb2/dffbc08/Install/include/boost/asio/basic_stream_socket.hpp:152:3: note: candidate: boost::asio::basic_stream_socket<Protocol>::basic_stream_socket(boost::asio::basic_stream_socket<Protocol>&&) [with Protocol = boost::asio::ip::tcp]
   basic_stream_socket(basic_stream_socket&& other)
   ^~~~~~~~~~~~~~~~~~~
/root/.hunter/_Base/70287b1/fc9dcb2/dffbc08/Install/include/boost/asio/basic_stream_socket.hpp:152:3: note:   candidate expects 1 argument, 0 provided
/root/.hunter/_Base/70287b1/fc9dcb2/dffbc08/Install/include/boost/asio/basic_stream_socket.hpp:134:3: note: candidate: boost::asio::basic_stream_socket<Protocol>::basic_stream_socket(boost::asio::io_context&, const protocol_type&, const native_handle_type&) [with Protocol = boost::asio::ip::tcp; boost::asio::basic_stream_socket<Protocol>::protocol_type = boost::asio::ip::tcp; boost::asio::basic_stream_socket<Protocol>::native_handle_type = int]
   basic_stream_socket(boost::asio::io_context& io_context,
   ^~~~~~~~~~~~~~~~~~~
/root/.hunter/_Base/70287b1/fc9dcb2/dffbc08/Install/include/boost/asio/basic_stream_socket.hpp:134:3: note:   candidate expects 3 arguments, 0 provided
/root/.hunter/_Base/70287b1/fc9dcb2/dffbc08/Install/include/boost/asio/basic_stream_socket.hpp:114:3: note: candidate: boost::asio::basic_stream_socket<Protocol>::basic_stream_socket(boost::asio::io_context&, const endpoint_type&) [with Protocol = boost::asio::ip::tcp; boost::asio::basic_stream_socket<Protocol>::endpoint_type = boost::asio::ip::basic_endpoint<boost::asio::ip::tcp>]
   basic_stream_socket(boost::asio::io_context& io_context,
   ^~~~~~~~~~~~~~~~~~~
/root/.hunter/_Base/70287b1/fc9dcb2/dffbc08/Install/include/boost/asio/basic_stream_socket.hpp:114:3: note:   candidate expects 2 arguments, 0 provided
/root/.hunter/_Base/70287b1/fc9dcb2/dffbc08/Install/include/boost/asio/basic_stream_socket.hpp:93:3: note: candidate: boost::asio::basic_stream_socket<Protocol>::basic_stream_socket(boost::asio::io_context&, const protocol_type&) [with Protocol = boost::asio::ip::tcp; boost::asio::basic_stream_socket<Protocol>::protocol_type = boost::asio::ip::tcp]
   basic_stream_socket(boost::asio::io_context& io_context,
   ^~~~~~~~~~~~~~~~~~~
/root/.hunter/_Base/70287b1/fc9dcb2/dffbc08/Install/include/boost/asio/basic_stream_socket.hpp:93:3: note:   candidate expects 2 arguments, 0 provided
/root/.hunter/_Base/70287b1/fc9dcb2/dffbc08/Install/include/boost/asio/basic_stream_socket.hpp:76:12: note: candidate: boost::asio::basic_stream_socket<Protocol>::basic_stream_socket(boost::asio::io_context&) [with Protocol = boost::asio::ip::tcp]
   explicit basic_stream_socket(boost::asio::io_context& io_context)
            ^~~~~~~~~~~~~~~~~~~
/root/.hunter/_Base/70287b1/fc9dcb2/dffbc08/Install/include/boost/asio/basic_stream_socket.hpp:76:12: note:   candidate expects 1 argument, 0 provided
In file included from /home/vagrant/Labs/lab-07/sources/server.cpp:3:0:
/home/vagrant/Labs/lab-07/include/server.hpp: In member function ‘void talk_to_client::on_login(const string&)’:
/home/vagrant/Labs/lab-07/include/server.hpp:74:2: error: ‘update_clients_changed’ was not declared in this scope
  update_clients_changed();
  ^~~~~~~~~~~~~~~~~~~~~~
/home/vagrant/Labs/lab-07/include/server.hpp:74:2: note: suggested alternative: ‘set_clients_changed’
  update_clients_changed();
  ^~~~~~~~~~~~~~~~~~~~~~
  set_clients_changed
/home/vagrant/Labs/lab-07/include/server.hpp: In member function ‘void talk_to_client::on_clients()’:
/home/vagrant/Labs/lab-07/include/server.hpp:85:42: error: ‘cs’ was not declared in this scope
   boost::recursive_mutex::scoped_lock lk(cs);
                                          ^~
/home/vagrant/Labs/lab-07/include/server.hpp:85:42: note: suggested alternative: ‘cos’
   boost::recursive_mutex::scoped_lock lk(cs);
                                          ^~
                                          cos
/home/vagrant/Labs/lab-07/include/server.hpp:86:8: error: ‘array’ has not been declared
   for( array::const_iterator b = clients.begin(), e = clients.end() ;b != e; ++b)
        ^~~~~
/home/vagrant/Labs/lab-07/include/server.hpp:86:70: error: ‘b’ was not declared in this scope
   for( array::const_iterator b = clients.begin(), e = clients.end() ;b != e; ++b)
                                                                      ^
/home/vagrant/Labs/lab-07/include/server.hpp:86:75: error: ‘e’ was not declared in this scope
   for( array::const_iterator b = clients.begin(), e = clients.end() ;b != e; ++b)
                                                                           ^
At global scope:
cc1plus: error: unrecognized command line option ‘-Wno-unused-command-line-argument’ [-Werror]
cc1plus: all warnings being treated as errors
CMakeFiles/server.dir/build.make:62: recipe for target 'CMakeFiles/server.dir/sources/server.cpp.o' failed
make[2]: *** [CMakeFiles/server.dir/sources/server.cpp.o] Error 1
make[1]: *** [CMakeFiles/server.dir/all] Error 2
CMakeFiles/Makefile2:67: recipe for target 'CMakeFiles/server.dir/all' failed
make: *** [all] Error 2
Makefile:94: recipe for target 'all' failed
